19414 2015-11-02 16:06:50,539 [DEBUG] cymportal.views : <django.template.backends.django.Template object at 0x10e6e8550>
19414 2015-11-02 16:06:50,539 [ERROR] cymportal.views : this is an error message
19421 2015-11-02 16:10:09,156 [DEBUG] cymportal.views : <django.template.backends.django.Template object at 0x10fe8ce90>
19421 2015-11-02 16:10:09,156 [ERROR] cymportal.views : this is an error message
19441 2015-11-02 16:11:23,035 [DEBUG] cymportal.views : <django.template.backends.django.Template object at 0x107b48c90>
19441 2015-11-02 16:11:23,035 [ERROR] cymportal.views : this is an error message
24091 2015-11-03 19:59:27,630 [DEBUG] django.db.backends.schema : CREATE TABLE "cymportal_group" ("grp_id" serial NOT NULL PRIMARY KEY, "grp_name" varchar(50) NOT NULL, "grp_org" integer NOT NULL CHECK ("grp_org" >= 0), "grp_hospital" integer NOT NULL CHECK ("grp_hospital" >= 0), "grp_doctor" integer NOT NULL CHECK ("grp_doctor" >= 0), "grp_patients" integer NOT NULL CHECK ("grp_patients" >= 0), "grp_call" integer NOT NULL CHECK ("grp_call" >= 0), "grp_transaction" integer NOT NULL CHECK ("grp_transaction" >= 0)); (params None)
24091 2015-11-03 19:59:27,694 [DEBUG] django.db.backends.schema : CREATE TABLE "cymportal_user" ("usr_id" serial NOT NULL PRIMARY KEY, "usr_first_name" varchar(100) NOT NULL, "usr_last_name" varchar(100) NOT NULL, "usr_email" varchar(254) NOT NULL UNIQUE, "usr_phone" integer NOT NULL CHECK ("usr_phone" >= 0), "usr_password" varchar(20) NOT NULL, "usr_group_id" integer NOT NULL); (params None)
24091 2015-11-03 19:59:27,699 [DEBUG] django.db.backends.schema : ALTER TABLE "cymportal_user" ADD CONSTRAINT "cymport_usr_group_id_3438650ed26a4ea0_fk_cymportal_group_grp_id" FOREIGN KEY ("usr_group_id") REFERENCES "cymportal_group" ("grp_id") DEFERRABLE INITIALLY DEFERRED; (params [])
24091 2015-11-03 19:59:27,704 [DEBUG] django.db.backends.schema : CREATE INDEX "cymportal_user_60b0ecd7" ON "cymportal_user" ("usr_group_id"); (params [])
24091 2015-11-03 19:59:27,705 [DEBUG] django.db.backends.schema : CREATE INDEX "cymportal_user_usr_email_47e49f26951a7368_like" ON "cymportal_user" ("usr_email" varchar_pattern_ops); (params [])
24091 2015-11-03 19:59:27,783 [DEBUG] django.db.backends.schema : ALTER TABLE "hospitals_department" DROP CONSTRAINT "D3aa757ef6038c126194ee13904b1a4c"; (params [])
24091 2015-11-03 19:59:27,785 [DEBUG] django.db.backends.schema : ALTER TABLE "hospitals_department" DROP COLUMN "department_hospital_id" CASCADE; (params [])
24091 2015-11-03 19:59:27,798 [DEBUG] django.db.backends.schema : ALTER TABLE "hospitals_department" ALTER COLUMN "department_date_added" SET DEFAULT %s; (params [datetime.datetime(2015, 11, 3, 19, 59, 19, 484897, tzinfo=<UTC>)])
24091 2015-11-03 19:59:27,799 [DEBUG] django.db.backends.schema : ALTER TABLE "hospitals_department" ALTER COLUMN "department_date_added" DROP DEFAULT; (params [])
24091 2015-11-03 19:59:27,811 [DEBUG] django.db.backends.schema : ALTER TABLE "hospitals_hospital" ALTER COLUMN "hospital_date_joined" SET DEFAULT %s; (params [datetime.datetime(2015, 11, 3, 19, 59, 19, 484254, tzinfo=<UTC>)])
24091 2015-11-03 19:59:27,812 [DEBUG] django.db.backends.schema : ALTER TABLE "hospitals_hospital" ALTER COLUMN "hospital_date_joined" DROP DEFAULT; (params [])
24091 2015-11-03 19:59:27,831 [DEBUG] django.db.backends.schema : ALTER TABLE "organisations_organisation" ALTER COLUMN "org_date_joined" SET DEFAULT %s; (params [datetime.datetime(2015, 11, 3, 19, 59, 19, 482824, tzinfo=<UTC>)])
24091 2015-11-03 19:59:27,831 [DEBUG] django.db.backends.schema : ALTER TABLE "organisations_organisation" ALTER COLUMN "org_date_joined" DROP DEFAULT; (params [])
24135 2015-11-03 20:06:09,565 [DEBUG] django.db.backends.schema : ALTER TABLE "cymportal_user" DROP CONSTRAINT "cymportal_user_usr_phone_check"; (params [])
24135 2015-11-03 20:06:09,566 [DEBUG] django.db.backends.schema : ALTER TABLE "cymportal_user" ALTER COLUMN "usr_phone" TYPE varchar(11); (params [])
24135 2015-11-03 20:06:09,604 [DEBUG] django.db.backends.schema : ALTER TABLE "hospitals_department" ALTER COLUMN "department_date_added" SET DEFAULT %s; (params [datetime.datetime(2015, 11, 3, 20, 6, 5, 913307, tzinfo=<UTC>)])
24135 2015-11-03 20:06:09,605 [DEBUG] django.db.backends.schema : ALTER TABLE "hospitals_department" ALTER COLUMN "department_date_added" DROP DEFAULT; (params [])
24135 2015-11-03 20:06:09,617 [DEBUG] django.db.backends.schema : ALTER TABLE "hospitals_hospital" ALTER COLUMN "hospital_date_joined" SET DEFAULT %s; (params [datetime.datetime(2015, 11, 3, 20, 6, 5, 912657, tzinfo=<UTC>)])
24135 2015-11-03 20:06:09,618 [DEBUG] django.db.backends.schema : ALTER TABLE "hospitals_hospital" ALTER COLUMN "hospital_date_joined" DROP DEFAULT; (params [])
24135 2015-11-03 20:06:09,638 [DEBUG] django.db.backends.schema : ALTER TABLE "organisations_organisation" ALTER COLUMN "org_date_joined" SET DEFAULT %s; (params [datetime.datetime(2015, 11, 3, 20, 6, 5, 911231, tzinfo=<UTC>)])
24135 2015-11-03 20:06:09,639 [DEBUG] django.db.backends.schema : ALTER TABLE "organisations_organisation" ALTER COLUMN "org_date_joined" DROP DEFAULT; (params [])
[31809 MainProcess] [2015-11-20 10:45:03,999] [DEBUG] [django.db.backends.schema | execute] : ALTER TABLE "cymportal_group" ADD COLUMN "grp_user" integer DEFAULT %s NOT NULL CHECK ("grp_user" >= 0); (params [0])
[31809 MainProcess] [2015-11-20 10:45:04,045] [DEBUG] [django.db.backends.schema | execute] : ALTER TABLE "cymportal_group" ALTER COLUMN "grp_user" DROP DEFAULT; (params [])
[31809 MainProcess] [2015-11-20 10:45:04,078] [DEBUG] [django.db.backends.schema | execute] : ALTER TABLE "hospitals_department" ALTER COLUMN "department_date_added" SET DEFAULT %s; (params [datetime.datetime(2015, 11, 20, 10, 44, 29, 689511, tzinfo=<UTC>)])
[31809 MainProcess] [2015-11-20 10:45:04,082] [DEBUG] [django.db.backends.schema | execute] : ALTER TABLE "hospitals_department" ALTER COLUMN "department_date_added" DROP DEFAULT; (params [])
[31809 MainProcess] [2015-11-20 10:45:04,096] [DEBUG] [django.db.backends.schema | execute] : ALTER TABLE "hospitals_hospital" ALTER COLUMN "hospital_date_joined" SET DEFAULT %s; (params [datetime.datetime(2015, 11, 20, 10, 44, 29, 688859, tzinfo=<UTC>)])
[31809 MainProcess] [2015-11-20 10:45:04,097] [DEBUG] [django.db.backends.schema | execute] : ALTER TABLE "hospitals_hospital" ALTER COLUMN "hospital_date_joined" DROP DEFAULT; (params [])
[31809 MainProcess] [2015-11-20 10:45:04,112] [DEBUG] [django.db.backends.schema | execute] : ALTER TABLE "organisations_organisation" ALTER COLUMN "org_date_joined" SET DEFAULT %s; (params [datetime.datetime(2015, 11, 20, 10, 44, 29, 687453, tzinfo=<UTC>)])
[31809 MainProcess] [2015-11-20 10:45:04,113] [DEBUG] [django.db.backends.schema | execute] : ALTER TABLE "organisations_organisation" ALTER COLUMN "org_date_joined" DROP DEFAULT; (params [])
[33307 MainProcess] [2015-11-20 18:10:06,512] [DEBUG] [django.db.backends.schema | execute] : ALTER TABLE "hospitals_department" ALTER COLUMN "department_date_added" SET DEFAULT %s; (params [datetime.datetime(2015, 11, 20, 18, 9, 51, 593777, tzinfo=<UTC>)])
[33307 MainProcess] [2015-11-20 18:10:06,514] [DEBUG] [django.db.backends.schema | execute] : ALTER TABLE "hospitals_department" ALTER COLUMN "department_date_added" DROP DEFAULT; (params [])
[33307 MainProcess] [2015-11-20 18:10:06,527] [DEBUG] [django.db.backends.schema | execute] : ALTER TABLE "hospitals_hospital" ALTER COLUMN "hospital_date_joined" SET DEFAULT %s; (params [datetime.datetime(2015, 11, 20, 18, 9, 51, 593139, tzinfo=<UTC>)])
[33307 MainProcess] [2015-11-20 18:10:06,528] [DEBUG] [django.db.backends.schema | execute] : ALTER TABLE "hospitals_hospital" ALTER COLUMN "hospital_date_joined" DROP DEFAULT; (params [])
[33307 MainProcess] [2015-11-20 18:10:06,544] [DEBUG] [django.db.backends.schema | execute] : ALTER TABLE "organisations_organisation" ALTER COLUMN "org_date_joined" SET DEFAULT %s; (params [datetime.datetime(2015, 11, 20, 18, 9, 51, 591714, tzinfo=<UTC>)])
[33307 MainProcess] [2015-11-20 18:10:06,545] [DEBUG] [django.db.backends.schema | execute] : ALTER TABLE "organisations_organisation" ALTER COLUMN "org_date_joined" DROP DEFAULT; (params [])
[37730 MainProcess] [2015-11-23 17:47:39,861] [DEBUG] [django.db.backends.schema | execute] : ALTER TABLE "cymportal_user" ALTER COLUMN "usr_last_name" SET DEFAULT %s; (params [u''])
[37730 MainProcess] [2015-11-23 17:47:39,897] [DEBUG] [django.db.backends.schema | execute] : ALTER TABLE "cymportal_user" ALTER COLUMN "usr_last_name" DROP DEFAULT; (params [])
[37730 MainProcess] [2015-11-23 17:47:39,904] [DEBUG] [django.db.backends.schema | execute] : ALTER TABLE "cymportal_user" ALTER COLUMN "usr_password" SET DEFAULT %s; (params [u''])
[37730 MainProcess] [2015-11-23 17:47:39,904] [DEBUG] [django.db.backends.schema | execute] : ALTER TABLE "cymportal_user" ALTER COLUMN "usr_password" DROP DEFAULT; (params [])
[37730 MainProcess] [2015-11-23 17:47:39,909] [DEBUG] [django.db.backends.schema | execute] : ALTER TABLE "cymportal_user" ALTER COLUMN "usr_phone" SET DEFAULT %s; (params [u''])
[37730 MainProcess] [2015-11-23 17:47:39,910] [DEBUG] [django.db.backends.schema | execute] : ALTER TABLE "cymportal_user" ALTER COLUMN "usr_phone" DROP DEFAULT; (params [])
[37730 MainProcess] [2015-11-23 17:47:39,946] [DEBUG] [django.db.backends.schema | execute] : ALTER TABLE "hospitals_department" ALTER COLUMN "department_date_added" SET DEFAULT %s; (params [datetime.datetime(2015, 11, 23, 17, 47, 24, 392191, tzinfo=<UTC>)])
[37730 MainProcess] [2015-11-23 17:47:39,947] [DEBUG] [django.db.backends.schema | execute] : ALTER TABLE "hospitals_department" ALTER COLUMN "department_date_added" DROP DEFAULT; (params [])
[37730 MainProcess] [2015-11-23 17:47:39,961] [DEBUG] [django.db.backends.schema | execute] : ALTER TABLE "hospitals_hospital" ALTER COLUMN "hospital_date_joined" SET DEFAULT %s; (params [datetime.datetime(2015, 11, 23, 17, 47, 24, 391480, tzinfo=<UTC>)])
[37730 MainProcess] [2015-11-23 17:47:39,963] [DEBUG] [django.db.backends.schema | execute] : ALTER TABLE "hospitals_hospital" ALTER COLUMN "hospital_date_joined" DROP DEFAULT; (params [])
[37730 MainProcess] [2015-11-23 17:47:39,978] [DEBUG] [django.db.backends.schema | execute] : ALTER TABLE "organisations_organisation" ALTER COLUMN "org_date_joined" SET DEFAULT %s; (params [datetime.datetime(2015, 11, 23, 17, 47, 24, 390023, tzinfo=<UTC>)])
[37730 MainProcess] [2015-11-23 17:47:39,979] [DEBUG] [django.db.backends.schema | execute] : ALTER TABLE "organisations_organisation" ALTER COLUMN "org_date_joined" DROP DEFAULT; (params [])
[37730 MainProcess] [2015-11-23 17:47:40,038] [DEBUG] [django.db.backends.schema | execute] : ALTER TABLE "organisations_organisation" DROP CONSTRAINT "organisations_organisation_org_phone_check"; (params [])
[37730 MainProcess] [2015-11-23 17:47:40,040] [DEBUG] [django.db.backends.schema | execute] : ALTER TABLE "organisations_organisation" ALTER COLUMN "org_phone" TYPE varchar(11), ALTER COLUMN "org_phone" SET DEFAULT %s; (params [u''])
[37730 MainProcess] [2015-11-23 17:47:40,053] [DEBUG] [django.db.backends.schema | execute] : ALTER TABLE "organisations_organisation" ALTER COLUMN "org_phone" DROP DEFAULT; (params [])
[37967 MainProcess] [2015-11-23 18:38:37,006] [DEBUG] [django.db.backends.schema | execute] : ALTER TABLE "hospitals_department" ALTER COLUMN "department_date_added" SET DEFAULT %s; (params [datetime.datetime(2015, 11, 23, 18, 38, 22, 405748, tzinfo=<UTC>)])
[37967 MainProcess] [2015-11-23 18:38:37,008] [DEBUG] [django.db.backends.schema | execute] : ALTER TABLE "hospitals_department" ALTER COLUMN "department_date_added" DROP DEFAULT; (params [])
[37967 MainProcess] [2015-11-23 18:38:37,021] [DEBUG] [django.db.backends.schema | execute] : ALTER TABLE "hospitals_hospital" ALTER COLUMN "hospital_date_joined" SET DEFAULT %s; (params [datetime.datetime(2015, 11, 23, 18, 38, 22, 405112, tzinfo=<UTC>)])
[37967 MainProcess] [2015-11-23 18:38:37,022] [DEBUG] [django.db.backends.schema | execute] : ALTER TABLE "hospitals_hospital" ALTER COLUMN "hospital_date_joined" DROP DEFAULT; (params [])
[37967 MainProcess] [2015-11-23 18:38:37,037] [DEBUG] [django.db.backends.schema | execute] : ALTER TABLE "organisations_organisation" RENAME COLUMN "ord_id" TO "org_id"; (params [])
[37967 MainProcess] [2015-11-23 18:38:37,054] [DEBUG] [django.db.backends.schema | execute] : ALTER TABLE "organisations_organisation" ALTER COLUMN "org_date_joined" SET DEFAULT %s; (params [datetime.datetime(2015, 11, 23, 18, 38, 22, 403730, tzinfo=<UTC>)])
[37967 MainProcess] [2015-11-23 18:38:37,054] [DEBUG] [django.db.backends.schema | execute] : ALTER TABLE "organisations_organisation" ALTER COLUMN "org_date_joined" DROP DEFAULT; (params [])
[40818 MainProcess] [2015-11-24 20:31:22,407] [DEBUG] [django.db.backends.schema | execute] : ALTER TABLE "hospitals_department" ALTER COLUMN "department_date_added" SET DEFAULT %s; (params [datetime.datetime(2015, 11, 24, 20, 31, 3, 890391, tzinfo=<UTC>)])
[40818 MainProcess] [2015-11-24 20:31:22,440] [DEBUG] [django.db.backends.schema | execute] : ALTER TABLE "hospitals_department" ALTER COLUMN "department_date_added" DROP DEFAULT; (params [])
[40818 MainProcess] [2015-11-24 20:31:22,458] [DEBUG] [django.db.backends.schema | execute] : ALTER TABLE "hospitals_hospital" ALTER COLUMN "hospital_date_joined" SET DEFAULT %s; (params [datetime.datetime(2015, 11, 24, 20, 31, 3, 889518, tzinfo=<UTC>)])
[40818 MainProcess] [2015-11-24 20:31:22,459] [DEBUG] [django.db.backends.schema | execute] : ALTER TABLE "hospitals_hospital" ALTER COLUMN "hospital_date_joined" DROP DEFAULT; (params [])
[40818 MainProcess] [2015-11-24 20:31:22,478] [DEBUG] [django.db.backends.schema | execute] : ALTER TABLE "organisations_organisation" ALTER COLUMN "org_date_joined" SET DEFAULT %s; (params [datetime.datetime(2015, 11, 24, 20, 31, 3, 887648, tzinfo=<UTC>)])
[40818 MainProcess] [2015-11-24 20:31:22,479] [DEBUG] [django.db.backends.schema | execute] : ALTER TABLE "organisations_organisation" ALTER COLUMN "org_date_joined" DROP DEFAULT; (params [])
[40818 MainProcess] [2015-11-24 20:31:22,495] [DEBUG] [django.db.backends.schema | execute] : CREATE TABLE "webportal_webgroup" ("grp_id" serial NOT NULL PRIMARY KEY, "grp_name" varchar(50) NOT NULL, "grp_org" integer NOT NULL CHECK ("grp_org" >= 0), "grp_hospital" integer NOT NULL CHECK ("grp_hospital" >= 0), "grp_doctor" integer NOT NULL CHECK ("grp_doctor" >= 0), "grp_patients" integer NOT NULL CHECK ("grp_patients" >= 0), "grp_call" integer NOT NULL CHECK ("grp_call" >= 0), "grp_transaction" integer NOT NULL CHECK ("grp_transaction" >= 0), "grp_user" integer NOT NULL CHECK ("grp_user" >= 0), "grp_org_id_id" integer NOT NULL); (params None)
[40818 MainProcess] [2015-11-24 20:31:22,522] [DEBUG] [django.db.backends.schema | execute] : CREATE TABLE "webportal_webuser" ("usr_id" serial NOT NULL PRIMARY KEY, "usr_first_name" varchar(100) NOT NULL, "usr_last_name" varchar(100) NOT NULL, "usr_email" varchar(254) NOT NULL UNIQUE, "usr_phone" varchar(11) NOT NULL, "usr_password" varchar(20) NOT NULL, "usr_group_id" integer NOT NULL, "usr_org_id" integer NOT NULL); (params None)
[40818 MainProcess] [2015-11-24 20:31:22,530] [DEBUG] [django.db.backends.schema | execute] : ALTER TABLE "webportal_webgroup" ADD CONSTRAINT "D116c0f4461b4158fbd8868715e933ac" FOREIGN KEY ("grp_org_id_id") REFERENCES "organisations_organisation" ("org_id") DEFERRABLE INITIALLY DEFERRED; (params [])
[40818 MainProcess] [2015-11-24 20:31:22,536] [DEBUG] [django.db.backends.schema | execute] : CREATE INDEX "webportal_webgroup_54fefc25" ON "webportal_webgroup" ("grp_org_id_id"); (params [])
[40818 MainProcess] [2015-11-24 20:31:22,538] [DEBUG] [django.db.backends.schema | execute] : ALTER TABLE "webportal_webuser" ADD CONSTRAINT "webp_usr_group_id_4ab9d5ce864d397a_fk_webportal_webgroup_grp_id" FOREIGN KEY ("usr_group_id") REFERENCES "webportal_webgroup" ("grp_id") DEFERRABLE INITIALLY DEFERRED; (params [])
[40818 MainProcess] [2015-11-24 20:31:22,539] [DEBUG] [django.db.backends.schema | execute] : ALTER TABLE "webportal_webuser" ADD CONSTRAINT "D3b0f0bd52d7a8fe63d0410acfb8c1b2" FOREIGN KEY ("usr_org_id") REFERENCES "organisations_organisation" ("org_id") DEFERRABLE INITIALLY DEFERRED; (params [])
[40818 MainProcess] [2015-11-24 20:31:22,541] [DEBUG] [django.db.backends.schema | execute] : CREATE INDEX "webportal_webuser_60b0ecd7" ON "webportal_webuser" ("usr_group_id"); (params [])
[40818 MainProcess] [2015-11-24 20:31:22,542] [DEBUG] [django.db.backends.schema | execute] : CREATE INDEX "webportal_webuser_3d8af3dd" ON "webportal_webuser" ("usr_org_id"); (params [])
[40818 MainProcess] [2015-11-24 20:31:22,543] [DEBUG] [django.db.backends.schema | execute] : CREATE INDEX "webportal_webuser_usr_email_c31c6f1d42cf3f2_like" ON "webportal_webuser" ("usr_email" varchar_pattern_ops); (params [])
[78764 MainProcess] [2015-12-08 19:16:25,212] [DEBUG] [django.db.backends.schema | execute] : ALTER TABLE "hospitals_department" ALTER COLUMN "department_date_added" SET DEFAULT %s; (params [datetime.datetime(2015, 12, 8, 19, 16, 15, 416611, tzinfo=<UTC>)])
[78764 MainProcess] [2015-12-08 19:16:25,247] [DEBUG] [django.db.backends.schema | execute] : ALTER TABLE "hospitals_department" ALTER COLUMN "department_date_added" DROP DEFAULT; (params [])
[78764 MainProcess] [2015-12-08 19:16:25,266] [DEBUG] [django.db.backends.schema | execute] : ALTER TABLE "hospitals_hospital" ALTER COLUMN "hospital_date_joined" SET DEFAULT %s; (params [datetime.datetime(2015, 12, 8, 19, 16, 15, 415960, tzinfo=<UTC>)])
[78764 MainProcess] [2015-12-08 19:16:25,270] [DEBUG] [django.db.backends.schema | execute] : ALTER TABLE "hospitals_hospital" ALTER COLUMN "hospital_date_joined" DROP DEFAULT; (params [])
[78764 MainProcess] [2015-12-08 19:16:25,286] [DEBUG] [django.db.backends.schema | execute] : ALTER TABLE "organisations_organisation" ALTER COLUMN "org_date_joined" SET DEFAULT %s; (params [datetime.datetime(2015, 12, 8, 19, 16, 15, 414526, tzinfo=<UTC>)])
[78764 MainProcess] [2015-12-08 19:16:25,287] [DEBUG] [django.db.backends.schema | execute] : ALTER TABLE "organisations_organisation" ALTER COLUMN "org_date_joined" DROP DEFAULT; (params [])
[87557 MainProcess] [2015-12-10 19:19:43,769] [DEBUG] [django.db.backends.schema | execute] : ALTER TABLE "hospitals_department" ALTER COLUMN "department_date_added" SET DEFAULT %s; (params [datetime.datetime(2015, 12, 10, 19, 19, 32, 430368, tzinfo=<UTC>)])
[87557 MainProcess] [2015-12-10 19:19:43,795] [DEBUG] [django.db.backends.schema | execute] : ALTER TABLE "hospitals_department" ALTER COLUMN "department_date_added" DROP DEFAULT; (params [])
[87557 MainProcess] [2015-12-10 19:19:43,811] [DEBUG] [django.db.backends.schema | execute] : ALTER TABLE "hospitals_hospital" ALTER COLUMN "hospital_date_joined" SET DEFAULT %s; (params [datetime.datetime(2015, 12, 10, 19, 19, 32, 429721, tzinfo=<UTC>)])
[87557 MainProcess] [2015-12-10 19:19:43,812] [DEBUG] [django.db.backends.schema | execute] : ALTER TABLE "hospitals_hospital" ALTER COLUMN "hospital_date_joined" DROP DEFAULT; (params [])
[87557 MainProcess] [2015-12-10 19:19:43,827] [DEBUG] [django.db.backends.schema | execute] : ALTER TABLE "hospitals_hospital" ALTER COLUMN "hospital_status" SET DEFAULT %s; (params [True])
[87557 MainProcess] [2015-12-10 19:19:43,827] [DEBUG] [django.db.backends.schema | execute] : ALTER TABLE "hospitals_hospital" ALTER COLUMN "hospital_status" DROP DEFAULT; (params [])
[87557 MainProcess] [2015-12-10 19:19:43,842] [DEBUG] [django.db.backends.schema | execute] : ALTER TABLE "organisations_organisation" ALTER COLUMN "org_date_joined" SET DEFAULT %s; (params [datetime.datetime(2015, 12, 10, 19, 19, 32, 428315, tzinfo=<UTC>)])
[87557 MainProcess] [2015-12-10 19:19:43,843] [DEBUG] [django.db.backends.schema | execute] : ALTER TABLE "organisations_organisation" ALTER COLUMN "org_date_joined" DROP DEFAULT; (params [])
[88647 MainProcess] [2015-12-10 21:42:52,627] [DEBUG] [django.db.backends.schema | execute] : ALTER TABLE "hospitals_department" ALTER COLUMN "department_date_added" SET DEFAULT %s; (params [datetime.datetime(2015, 12, 10, 21, 42, 44, 229271, tzinfo=<UTC>)])
[88647 MainProcess] [2015-12-10 21:42:52,628] [DEBUG] [django.db.backends.schema | execute] : ALTER TABLE "hospitals_department" ALTER COLUMN "department_date_added" DROP DEFAULT; (params [])
[88647 MainProcess] [2015-12-10 21:42:52,642] [DEBUG] [django.db.backends.schema | execute] : ALTER TABLE "hospitals_hospital" ALTER COLUMN "hospital_date_joined" SET DEFAULT %s; (params [datetime.datetime(2015, 12, 10, 21, 42, 44, 228580, tzinfo=<UTC>)])
[88647 MainProcess] [2015-12-10 21:42:52,643] [DEBUG] [django.db.backends.schema | execute] : ALTER TABLE "hospitals_hospital" ALTER COLUMN "hospital_date_joined" DROP DEFAULT; (params [])
[88647 MainProcess] [2015-12-10 21:42:52,660] [DEBUG] [django.db.backends.schema | execute] : ALTER TABLE "hospitals_hospital" ALTER COLUMN "hospital_date_left" DROP NOT NULL; (params [])
[88647 MainProcess] [2015-12-10 21:42:52,675] [DEBUG] [django.db.backends.schema | execute] : ALTER TABLE "organisations_organisation" ALTER COLUMN "org_date_joined" SET DEFAULT %s; (params [datetime.datetime(2015, 12, 10, 21, 42, 44, 227047, tzinfo=<UTC>)])
[88647 MainProcess] [2015-12-10 21:42:52,676] [DEBUG] [django.db.backends.schema | execute] : ALTER TABLE "organisations_organisation" ALTER COLUMN "org_date_joined" DROP DEFAULT; (params [])
[92854 MainProcess] [2015-12-11 20:10:04,608] [DEBUG] [django.db.backends.schema | execute] : ALTER TABLE "hospitals_department" ADD COLUMN "department_description" varchar(200) NULL; (params [])
[92854 MainProcess] [2015-12-11 20:10:04,635] [DEBUG] [django.db.backends.schema | execute] : ALTER TABLE "hospitals_department" ALTER COLUMN "department_description" DROP DEFAULT; (params [])
[92854 MainProcess] [2015-12-11 20:10:04,649] [DEBUG] [django.db.backends.schema | execute] : ALTER TABLE "hospitals_department" ALTER COLUMN "department_date_added" SET DEFAULT %s; (params [datetime.datetime(2015, 12, 11, 20, 9, 42, 88861, tzinfo=<UTC>)])
[92854 MainProcess] [2015-12-11 20:10:04,650] [DEBUG] [django.db.backends.schema | execute] : ALTER TABLE "hospitals_department" ALTER COLUMN "department_date_added" DROP DEFAULT; (params [])
[92854 MainProcess] [2015-12-11 20:10:04,662] [DEBUG] [django.db.backends.schema | execute] : ALTER TABLE "hospitals_hospital" ALTER COLUMN "hospital_date_joined" SET DEFAULT %s; (params [datetime.datetime(2015, 12, 11, 20, 9, 42, 88167, tzinfo=<UTC>)])
[92854 MainProcess] [2015-12-11 20:10:04,663] [DEBUG] [django.db.backends.schema | execute] : ALTER TABLE "hospitals_hospital" ALTER COLUMN "hospital_date_joined" DROP DEFAULT; (params [])
[92854 MainProcess] [2015-12-11 20:10:04,678] [DEBUG] [django.db.backends.schema | execute] : ALTER TABLE "organisations_organisation" ALTER COLUMN "org_date_joined" SET DEFAULT %s; (params [datetime.datetime(2015, 12, 11, 20, 9, 42, 86797, tzinfo=<UTC>)])
[92854 MainProcess] [2015-12-11 20:10:04,680] [DEBUG] [django.db.backends.schema | execute] : ALTER TABLE "organisations_organisation" ALTER COLUMN "org_date_joined" DROP DEFAULT; (params [])
[93419 MainProcess] [2015-12-11 21:14:33,303] [DEBUG] [django.db.backends.schema | execute] : ALTER TABLE "hospitals_department" ALTER COLUMN "department_date_added" SET DEFAULT %s; (params [datetime.datetime(2015, 12, 11, 21, 14, 21, 128757, tzinfo=<UTC>)])
[93419 MainProcess] [2015-12-11 21:14:33,305] [DEBUG] [django.db.backends.schema | execute] : ALTER TABLE "hospitals_department" ALTER COLUMN "department_date_added" DROP DEFAULT; (params [])
[93419 MainProcess] [2015-12-11 21:14:33,321] [DEBUG] [django.db.backends.schema | execute] : ALTER TABLE "hospitals_hospital" ALTER COLUMN "hospital_date_joined" SET DEFAULT %s; (params [datetime.datetime(2015, 12, 11, 21, 14, 21, 128090, tzinfo=<UTC>)])
[93419 MainProcess] [2015-12-11 21:14:33,323] [DEBUG] [django.db.backends.schema | execute] : ALTER TABLE "hospitals_hospital" ALTER COLUMN "hospital_date_joined" DROP DEFAULT; (params [])
[93419 MainProcess] [2015-12-11 21:14:33,342] [DEBUG] [django.db.backends.schema | execute] : ALTER TABLE "organisations_organisation" ALTER COLUMN "org_date_joined" SET DEFAULT %s; (params [datetime.datetime(2015, 12, 11, 21, 14, 21, 126708, tzinfo=<UTC>)])
[93419 MainProcess] [2015-12-11 21:14:33,343] [DEBUG] [django.db.backends.schema | execute] : ALTER TABLE "organisations_organisation" ALTER COLUMN "org_date_joined" DROP DEFAULT; (params [])
[93419 MainProcess] [2015-12-11 21:14:33,363] [DEBUG] [django.db.backends.schema | execute] : ALTER TABLE "webportal_webgroup" ADD COLUMN "grp_status" boolean DEFAULT %s NOT NULL; (params [True])
[93419 MainProcess] [2015-12-11 21:14:33,375] [DEBUG] [django.db.backends.schema | execute] : ALTER TABLE "webportal_webgroup" ALTER COLUMN "grp_status" DROP DEFAULT; (params [])
[93419 MainProcess] [2015-12-11 21:14:33,394] [DEBUG] [django.db.backends.schema | execute] : ALTER TABLE "webportal_webuser" ADD COLUMN "usr_status" boolean DEFAULT %s NOT NULL; (params [True])
[93419 MainProcess] [2015-12-11 21:14:33,399] [DEBUG] [django.db.backends.schema | execute] : ALTER TABLE "webportal_webuser" ALTER COLUMN "usr_status" DROP DEFAULT; (params [])
[93806 MainProcess] [2015-12-11 21:47:22,394] [DEBUG] [django.db.backends.schema | execute] : ALTER TABLE "hospitals_department" ALTER COLUMN "department_date_added" SET DEFAULT %s; (params [datetime.datetime(2015, 12, 11, 21, 47, 16, 235256, tzinfo=<UTC>)])
[93806 MainProcess] [2015-12-11 21:47:22,396] [DEBUG] [django.db.backends.schema | execute] : ALTER TABLE "hospitals_department" ALTER COLUMN "department_date_added" DROP DEFAULT; (params [])
[93806 MainProcess] [2015-12-11 21:47:22,412] [DEBUG] [django.db.backends.schema | execute] : ALTER TABLE "hospitals_hospital" ALTER COLUMN "hospital_date_joined" SET DEFAULT %s; (params [datetime.datetime(2015, 12, 11, 21, 47, 16, 234544, tzinfo=<UTC>)])
[93806 MainProcess] [2015-12-11 21:47:22,414] [DEBUG] [django.db.backends.schema | execute] : ALTER TABLE "hospitals_hospital" ALTER COLUMN "hospital_date_joined" DROP DEFAULT; (params [])
[93806 MainProcess] [2015-12-11 21:47:22,437] [DEBUG] [django.db.backends.schema | execute] : ALTER TABLE "organisations_organisation" ALTER COLUMN "org_date_joined" SET DEFAULT %s; (params [datetime.datetime(2015, 12, 11, 21, 47, 16, 233086, tzinfo=<UTC>)])
[93806 MainProcess] [2015-12-11 21:47:22,437] [DEBUG] [django.db.backends.schema | execute] : ALTER TABLE "organisations_organisation" ALTER COLUMN "org_date_joined" DROP DEFAULT; (params [])
[93806 MainProcess] [2015-12-11 21:47:22,501] [DEBUG] [django.db.backends.schema | execute] : ALTER TABLE "webportal_webuser" DROP CONSTRAINT "webportal_webuser_usr_email_key"; (params [])
